<?xml version="1.0" encoding="UTF-8"?>
<testng-results ignored="0" total="1" passed="1" failed="0" skipped="0">
  <reporter-output>
  </reporter-output>
  <suite started-at="2024-07-14T00:10:12 EDT" name="Default suite" finished-at="2024-07-14T00:10:16 EDT" duration-ms="3758">
    <groups>
    </groups>
    <test started-at="2024-07-14T00:10:12 EDT" name="Default test" finished-at="2024-07-14T00:10:16 EDT" duration-ms="3758">
      <class name="verifyTest.VerifyLoginPage">
        <test-method signature="verifyValidlogin()[pri:0, instance:verifyTest.VerifyLoginPage@4fb0f2b9]" started-at="2024-07-14T00:10:12 EDT" name="verifyValidlogin" finished-at="2024-07-14T00:10:16 EDT" duration-ms="3723" status="PASS">
          <reporter-output>
          </reporter-output>
        </test-method> <!-- verifyValidlogin -->
      </class> <!-- verifyTest.VerifyLoginPage -->
    </test> <!-- Default test -->
  </suite> <!-- Default suite -->
</testng-results>
